{
  "RSpec": {
    "coverage": {
      "/Users/elysa/Turing/Mod1/projects/futbol_project/futbol/lib/stat_tracker.rb": {
        "lines": [
          1,
          1,
          1,
          1,
          1,
          1,
          1,
          1,
          null,
          1,
          1,
          1,
          1,
          1,
          null,
          1,
          null,
          null,
          null,
          1,
          46,
          46,
          46,
          null,
          null,
          1,
          45,
          45,
          45,
          45,
          45,
          null,
          null,
          1,
          45,
          1440,
          1440,
          null,
          null,
          null,
          1,
          45,
          334845,
          334845,
          null,
          null,
          null,
          1,
          45,
          669690,
          669690,
          null,
          null,
          null,
          1,
          0,
          null,
          null,
          null
        ]
      },
      "/Users/elysa/Turing/Mod1/projects/futbol_project/futbol/lib/game.rb": {
        "lines": [
          1,
          1,
          null,
          null,
          null,
          null,
          null,
          null,
          1,
          334852,
          334852,
          334852,
          334852,
          334852,
          334852,
          null,
          null
        ]
      },
      "/Users/elysa/Turing/Mod1/projects/futbol_project/futbol/lib/team.rb": {
        "lines": [
          1,
          1,
          null,
          null,
          1,
          1443,
          1443,
          null,
          null
        ]
      },
      "/Users/elysa/Turing/Mod1/projects/futbol_project/futbol/lib/game_teams.rb": {
        "lines": [
          1,
          1,
          null,
          null,
          null,
          null,
          null,
          null,
          null,
          null,
          1,
          669692,
          669692,
          669692,
          669692,
          669692,
          669692,
          669692,
          669692,
          null,
          null,
          1,
          669690,
          null,
          null
        ]
      },
      "/Users/elysa/Turing/Mod1/projects/futbol_project/futbol/lib/game_statable.rb": {
        "lines": [
          1,
          null,
          null,
          null,
          null,
          1,
          1,
          7441,
          null,
          1,
          null,
          null,
          null,
          null,
          null,
          1,
          1,
          7441,
          null,
          1,
          null,
          null,
          null,
          null,
          null,
          null,
          1,
          1,
          1,
          null,
          null,
          null,
          null,
          null,
          null,
          1,
          1,
          1,
          null,
          null,
          null,
          null,
          1,
          1,
          1,
          null,
          null,
          null,
          1,
          1,
          null,
          1,
          7441,
          null,
          7441,
          null,
          1,
          null,
          null,
          null,
          1,
          1,
          1,
          null,
          null,
          1,
          7,
          null,
          1,
          7441,
          7441,
          7441,
          null,
          null,
          null,
          null,
          null,
          null,
          1,
          1,
          6,
          6,
          6,
          null,
          null,
          1,
          null,
          null,
          null,
          null,
          null,
          1,
          14885,
          null,
          null,
          null,
          null,
          null,
          null,
          1,
          5,
          null,
          null,
          null,
          null,
          null,
          null,
          null,
          1,
          4,
          59528,
          null,
          4,
          null,
          null,
          null,
          null,
          null,
          null,
          1,
          2,
          29764,
          null,
          2,
          null,
          null,
          null,
          1,
          2,
          2,
          14882,
          null,
          2,
          null,
          null
        ]
      },
      "/Users/elysa/Turing/Mod1/projects/futbol_project/futbol/lib/league_statable.rb": {
        "lines": [
          1,
          null,
          null,
          1,
          1,
          null,
          1,
          14882,
          null,
          1,
          1,
          null,
          null,
          1,
          33,
          null,
          1,
          14882,
          14882,
          null,
          null,
          33,
          null,
          1,
          null,
          1,
          null,
          null,
          1,
          33,
          null,
          1,
          14882,
          14882,
          null,
          null,
          33,
          null,
          1,
          null,
          1,
          null,
          null,
          1,
          1,
          null,
          null,
          1,
          1,
          null,
          null,
          1,
          1,
          null,
          null,
          1,
          1,
          null,
          null,
          null,
          null,
          1,
          0,
          0,
          0,
          null,
          null,
          null,
          1,
          null,
          260,
          3869320,
          null,
          260,
          null,
          null,
          1,
          260,
          null,
          260,
          3869320,
          59788,
          null,
          null,
          260,
          null,
          null,
          1,
          258,
          null,
          null,
          1,
          4,
          128,
          null,
          4,
          null,
          null,
          1,
          4,
          128,
          null,
          4,
          null,
          null,
          null,
          null
        ]
      },
      "/Users/elysa/Turing/Mod1/projects/futbol_project/futbol/lib/season_statable.rb": {
        "lines": [
          1,
          null,
          1,
          2,
          2,
          2,
          2,
          2,
          71,
          null,
          null,
          1,
          2,
          2,
          2,
          2,
          2,
          71,
          null,
          null,
          1,
          2,
          2,
          null,
          null,
          1,
          2,
          2,
          null,
          null,
          null,
          1,
          2,
          2,
          2,
          null,
          null,
          null,
          null,
          null,
          null,
          null,
          1,
          2,
          2,
          2,
          null,
          null,
          null,
          null,
          1,
          9,
          177092817,
          null,
          11899,
          23798,
          null,
          23798,
          9096,
          null,
          14702,
          null,
          null,
          null,
          null,
          null,
          1,
          8,
          274,
          274,
          274,
          null,
          null,
          null,
          null,
          null,
          1,
          62,
          null,
          null,
          null,
          1,
          62,
          null,
          null,
          null,
          1,
          8,
          null,
          null,
          null,
          1,
          13,
          13,
          96733,
          17183,
          null,
          null,
          13,
          null,
          null,
          null,
          1,
          5,
          124,
          null,
          5,
          5294,
          78785308,
          10588,
          10588,
          null,
          null,
          null,
          5,
          null,
          null,
          null,
          1,
          5,
          5,
          124,
          null,
          5,
          null,
          null,
          null,
          1,
          4,
          null,
          null,
          4,
          59528,
          59528,
          null,
          10568,
          10568,
          10568,
          null,
          null,
          4,
          null,
          null,
          1,
          3,
          64,
          null,
          null,
          null,
          1,
          3,
          64,
          null,
          null,
          null
        ]
      },
      "/Users/elysa/Turing/Mod1/projects/futbol_project/futbol/lib/displayable.rb": {
        "lines": [
          1,
          null,
          null,
          1,
          0,
          0,
          0,
          0,
          0,
          0,
          0,
          0,
          0,
          0,
          0,
          0,
          0,
          0,
          0,
          0,
          0,
          0,
          0,
          0,
          0,
          0,
          0,
          0,
          0,
          0,
          0,
          null,
          null,
          0,
          0,
          0,
          0,
          0,
          0,
          0,
          null,
          null,
          null,
          null,
          1,
          0,
          0,
          0,
          0,
          0,
          null,
          null,
          null
        ]
      },
      "/Users/elysa/Turing/Mod1/projects/futbol_project/futbol/spec/game_statable_spec.rb": {
        "lines": [
          1,
          null,
          1,
          1,
          14,
          14,
          14,
          null,
          null,
          14,
          null,
          null,
          null,
          null,
          14,
          14,
          null,
          null,
          1,
          1,
          1,
          null,
          null,
          null,
          1,
          1,
          1,
          null,
          null,
          null,
          1,
          1,
          1,
          null,
          null,
          null,
          1,
          1,
          null,
          1,
          null,
          null,
          null,
          1,
          1,
          null,
          1,
          null,
          null,
          null,
          1,
          1,
          1,
          null,
          null,
          null,
          null,
          null,
          null,
          null,
          null,
          1,
          null,
          null,
          null,
          1,
          1,
          null,
          1,
          null,
          null,
          null,
          1,
          1,
          1,
          null,
          null,
          null,
          null,
          null,
          null,
          null,
          1,
          null,
          null,
          null,
          null,
          null,
          1,
          1,
          null,
          1,
          null,
          null,
          null,
          1,
          1,
          1,
          null,
          1,
          null,
          null,
          null,
          1,
          1,
          null,
          1,
          null,
          null,
          null,
          1,
          1,
          1,
          null,
          null,
          1,
          1,
          null,
          null,
          null,
          1,
          1,
          null,
          1,
          null,
          null,
          null
        ]
      },
      "/Users/elysa/Turing/Mod1/projects/futbol_project/futbol/spec/game_teams_spec.rb": {
        "lines": [
          1,
          null,
          1,
          1,
          2,
          null,
          null,
          1,
          1,
          1,
          null,
          null,
          1,
          1,
          1,
          1,
          1,
          1,
          1,
          1,
          null,
          null,
          null
        ]
      },
      "/Users/elysa/Turing/Mod1/projects/futbol_project/futbol/spec/league_statable_spec.rb": {
        "lines": [
          1,
          null,
          1,
          1,
          17,
          17,
          17,
          null,
          null,
          17,
          null,
          null,
          null,
          null,
          17,
          17,
          null,
          null,
          1,
          1,
          1,
          null,
          null,
          null,
          null,
          1,
          1,
          1,
          null,
          null,
          null,
          1,
          1,
          1,
          null,
          null,
          null,
          1,
          1,
          1,
          null,
          null,
          null,
          1,
          1,
          1,
          null,
          null,
          null,
          1,
          1,
          1,
          null,
          null,
          null,
          1,
          1,
          1,
          null,
          null,
          null,
          null,
          null,
          null,
          null,
          1,
          1,
          1,
          1,
          null,
          1,
          null,
          null,
          1,
          1,
          1,
          null,
          1,
          null,
          null,
          null,
          1,
          1,
          1,
          1,
          null,
          1,
          null,
          null,
          1,
          1,
          1,
          null,
          1,
          null,
          null,
          null,
          1,
          1,
          1,
          1,
          null,
          1,
          null,
          null,
          1,
          1,
          1,
          null,
          1,
          null,
          null,
          null,
          1,
          1,
          1,
          null,
          null,
          1,
          1,
          null,
          null,
          null,
          1,
          1,
          1,
          null,
          null,
          1,
          1,
          null,
          null,
          null
        ]
      },
      "/Users/elysa/Turing/Mod1/projects/futbol_project/futbol/spec/season_statable_spec.rb": {
        "lines": [
          1,
          null,
          1,
          1,
          13,
          13,
          13,
          null,
          null,
          13,
          null,
          null,
          null,
          null,
          13,
          13,
          null,
          null,
          1,
          1,
          1,
          1,
          null,
          null,
          null,
          null,
          1,
          1,
          1,
          1,
          null,
          null,
          null,
          1,
          1,
          1,
          1,
          null,
          null,
          null,
          1,
          1,
          1,
          1,
          null,
          null,
          null,
          1,
          1,
          1,
          1,
          null,
          null,
          null,
          1,
          1,
          1,
          1,
          null,
          null,
          null,
          null,
          null,
          null,
          1,
          1,
          1,
          1,
          1,
          1,
          1,
          1,
          1,
          null,
          null,
          null,
          1,
          1,
          1,
          1,
          1,
          1,
          1,
          1,
          1,
          1,
          null,
          null,
          null,
          1,
          1,
          1,
          1,
          null,
          null,
          null,
          1,
          1,
          1,
          1,
          null,
          null,
          null,
          1,
          1,
          1,
          1,
          null,
          null,
          null,
          1,
          1,
          1,
          1,
          null,
          null,
          null,
          1,
          1,
          1,
          1,
          1,
          1,
          null,
          null,
          null
        ]
      },
      "/Users/elysa/Turing/Mod1/projects/futbol_project/futbol/spec/stat_tracker_spec.rb": {
        "lines": [
          1,
          null,
          1,
          1,
          1,
          1,
          null,
          1,
          null,
          null,
          null,
          1,
          1,
          null,
          1,
          1,
          1,
          null,
          null,
          1,
          null,
          null,
          null,
          null,
          1,
          1,
          1,
          1,
          null,
          null,
          null
        ]
      },
      "/Users/elysa/Turing/Mod1/projects/futbol_project/futbol/spec/team_spec.rb": {
        "lines": [
          1,
          null,
          1,
          1,
          3,
          null,
          null,
          1,
          1,
          1,
          null,
          null,
          1,
          1,
          null,
          null,
          1,
          1,
          null,
          null,
          null
        ]
      }
    },
    "timestamp": 1731280662
  }
}
