{
  "RSpec": {
    "coverage": {
      "/Users/elysa/Turing/Mod1/projects/futbol_project/futbol/lib/stat_tracker.rb": {
        "lines": [
          1,
          1,
          1,
          1,
          1,
          1,
          1,
          1,
          null,
          1,
          1,
          1,
          1,
          1,
          null,
          1,
          null,
          null,
          null,
          1,
          17,
          17,
          17,
          null,
          null,
          1,
          17,
          17,
          17,
          17,
          17,
          null,
          null,
          1,
          17,
          544,
          544,
          null,
          null,
          null,
          1,
          17,
          126497,
          126497,
          null,
          null,
          null,
          1,
          17,
          252994,
          252994,
          null,
          null,
          null,
          1,
          0,
          null,
          null,
          null
        ]
      },
      "/Users/elysa/Turing/Mod1/projects/futbol_project/futbol/lib/game.rb": {
        "lines": [
          1,
          1,
          null,
          null,
          null,
          null,
          null,
          null,
          1,
          126497,
          126497,
          126497,
          126497,
          126497,
          126497,
          null,
          null
        ]
      },
      "/Users/elysa/Turing/Mod1/projects/futbol_project/futbol/lib/team.rb": {
        "lines": [
          1,
          1,
          null,
          null,
          1,
          544,
          544,
          null,
          null
        ]
      },
      "/Users/elysa/Turing/Mod1/projects/futbol_project/futbol/lib/game_teams.rb": {
        "lines": [
          1,
          1,
          null,
          null,
          null,
          null,
          null,
          null,
          null,
          null,
          1,
          252994,
          252994,
          252994,
          252994,
          252994,
          252994,
          252994,
          252994,
          null,
          null,
          1,
          252994,
          null,
          null
        ]
      },
      "/Users/elysa/Turing/Mod1/projects/futbol_project/futbol/lib/game_statable.rb": {
        "lines": [
          1,
          null,
          null,
          null,
          null,
          1,
          0,
          0,
          null,
          0,
          null,
          null,
          null,
          null,
          null,
          1,
          0,
          0,
          null,
          0,
          null,
          null,
          null,
          null,
          null,
          null,
          1,
          0,
          0,
          null,
          null,
          null,
          null,
          null,
          null,
          1,
          0,
          0,
          null,
          null,
          null,
          null,
          1,
          0,
          0,
          null,
          null,
          null,
          1,
          0,
          null,
          0,
          0,
          null,
          0,
          null,
          0,
          null,
          null,
          null,
          1,
          0,
          0,
          null,
          null,
          1,
          0,
          null,
          0,
          0,
          0,
          0,
          null,
          null,
          null,
          null,
          null,
          null,
          0,
          0,
          0,
          0,
          0,
          null,
          null,
          0,
          null,
          null,
          null,
          null,
          null,
          1,
          0,
          null,
          null,
          null,
          null,
          null,
          null,
          1,
          0,
          null,
          null,
          null,
          null,
          null,
          null,
          null,
          1,
          0,
          0,
          null,
          0,
          null,
          null,
          null,
          null,
          null,
          null,
          1,
          0,
          0,
          null,
          0,
          null,
          null,
          null,
          1,
          0,
          0,
          0,
          null,
          0,
          null,
          null
        ]
      },
      "/Users/elysa/Turing/Mod1/projects/futbol_project/futbol/lib/league_statable.rb": {
        "lines": [
          1,
          null,
          null,
          1,
          0,
          null,
          0,
          0,
          null,
          0,
          0,
          null,
          null,
          null,
          null,
          null,
          1,
          0,
          0,
          0,
          0,
          0,
          null,
          null,
          null,
          null,
          null,
          1,
          0,
          0,
          0,
          0,
          0,
          null,
          null,
          null,
          null,
          null,
          1,
          0,
          null,
          null,
          null,
          null,
          null,
          1,
          0,
          null,
          null,
          null,
          null,
          null,
          1,
          0,
          null,
          null,
          null,
          null,
          null,
          1,
          0,
          null,
          null,
          null,
          null,
          null,
          1,
          0,
          null,
          0,
          0,
          0,
          null,
          0,
          null,
          null,
          null,
          1,
          0,
          0,
          null,
          0,
          null,
          null,
          null,
          1,
          0,
          null,
          0,
          0,
          0,
          null,
          null,
          0,
          null,
          null,
          null,
          null,
          null,
          1,
          0,
          null,
          null,
          null,
          null,
          1,
          0,
          0,
          null,
          0,
          null,
          null,
          null,
          null,
          1,
          0,
          0,
          null,
          0,
          null,
          null,
          null
        ]
      },
      "/Users/elysa/Turing/Mod1/projects/futbol_project/futbol/lib/season_statable.rb": {
        "lines": [
          1,
          null,
          1,
          0,
          0,
          0,
          0,
          0,
          0,
          0,
          null,
          null,
          1,
          0,
          0,
          0,
          0,
          0,
          0,
          null,
          null,
          null,
          null,
          null,
          null,
          null,
          1,
          0,
          0,
          null,
          null,
          null,
          null,
          null,
          null,
          null,
          1,
          0,
          0,
          null,
          null,
          null,
          1,
          2,
          2,
          2,
          null,
          null,
          null,
          null,
          null,
          null,
          null,
          1,
          2,
          2,
          2,
          null,
          null,
          null,
          null,
          1,
          0,
          0,
          null,
          0,
          0,
          null,
          0,
          0,
          null,
          0,
          null,
          null,
          null,
          null,
          null,
          1,
          0,
          0,
          0,
          0,
          null,
          null,
          null,
          null,
          null,
          1,
          93,
          null,
          null,
          null,
          1,
          93,
          null,
          null,
          null,
          1,
          9,
          null,
          null,
          null,
          1,
          13,
          13,
          96733,
          17183,
          null,
          null,
          13,
          null,
          null,
          null,
          1,
          5,
          124,
          null,
          5,
          5294,
          78785308,
          10588,
          10588,
          null,
          null,
          null,
          5,
          null,
          null,
          null,
          1,
          5,
          5,
          124,
          null,
          5,
          null,
          null,
          null,
          1,
          7,
          null,
          null,
          7,
          104174,
          104174,
          null,
          15404,
          15404,
          15404,
          null,
          null,
          7,
          null,
          null,
          null,
          1,
          3,
          64,
          null,
          null,
          null,
          null,
          1,
          3,
          64,
          null,
          null,
          null,
          1,
          2,
          2,
          null,
          null,
          1,
          2,
          2,
          null,
          null,
          null,
          null,
          null,
          null,
          null,
          1,
          2,
          2,
          2,
          2,
          2,
          71,
          null,
          null,
          null,
          null,
          null,
          null,
          1,
          2,
          2,
          2,
          2,
          2,
          71,
          null,
          null,
          null,
          null,
          null,
          1,
          null,
          9,
          null,
          177092817,
          null,
          11899,
          23798,
          null,
          23798,
          9096,
          null,
          14702,
          null,
          null,
          null,
          null,
          null,
          null,
          null,
          null,
          1,
          8,
          274,
          274,
          274,
          null,
          null,
          null
        ]
      },
      "/Users/elysa/Turing/Mod1/projects/futbol_project/futbol/lib/displayable.rb": {
        "lines": [
          1,
          null,
          null,
          1,
          0,
          0,
          0,
          0,
          0,
          0,
          0,
          0,
          0,
          0,
          0,
          0,
          0,
          0,
          0,
          0,
          0,
          0,
          0,
          0,
          0,
          0,
          0,
          0,
          0,
          0,
          0,
          null,
          null,
          0,
          0,
          0,
          0,
          0,
          0,
          0,
          0,
          null,
          null,
          null,
          null,
          1,
          0,
          0,
          0,
          0,
          0,
          null,
          0,
          null,
          null
        ]
      }
    },
    "timestamp": 1731370165
  }
}
